<?xml version="1.0" encoding="UTF-8"?>
<!-- Generated by org.testng.reporters.JUnitReportReporter -->
<testsuite hostname="LAPTOP-L82634T5" failures="0" tests="1" name="testng.Excelprgrm" time="14.956" errors="0" timestamp="2024-09-11T09:26:14 IST" skipped="0">
  <testcase classname="testng.Excelprgrm" name="datadriven" time="14.956"/>
  <system-out/>
</testsuite> <!-- testng.Excelprgrm -->
