<?xml version="1.0" encoding="UTF-8"?>
<!-- Generated by org.testng.reporters.JUnitReportReporter -->
<testsuite hostname="LAPTOP-L82634T5" failures="0" tests="4" name="testng.Testngdemo" time="0.027" errors="0" timestamp="2024-09-04T16:58:03 IST" skipped="0">
  <testcase classname="testng.Testngdemo" name="test1" time="0.016"/>
  <system-out/>
  <testcase classname="testng.Testngdemo" name="test3" time="0.005"/>
  <system-out/>
  <testcase classname="testng.Testngdemo" name="test4" time="0.004"/>
  <system-out/>
  <testcase classname="testng.Testngdemo" name="test2" time="0.002"/>
  <system-out/>
</testsuite> <!-- testng.Testngdemo -->
