<?xml version="1.0" encoding="UTF-8"?>
<!-- Generated by org.testng.reporters.JUnitReportReporter -->
<testsuite hostname="LAPTOP-L82634T5" failures="0" tests="1" name="testng.Newwindows" time="4.494" errors="0" timestamp="2024-09-23T16:20:33 IST" skipped="0">
  <testcase classname="testng.Newwindows" name="test" time="4.494"/>
  <system-out/>
</testsuite> <!-- testng.Newwindows -->
