<?xml version="1.0" encoding="UTF-8"?>
<!-- Generated by org.testng.reporters.JUnitReportReporter -->
<testsuite hostname="LAPTOP-L82634T5" failures="0" tests="1" name="testng.Draganddrop" time="1.175" errors="0" timestamp="2024-09-10T15:41:49 IST" skipped="0">
  <testcase classname="testng.Draganddrop" name="test" time="1.175"/>
  <system-out/>
</testsuite> <!-- testng.Draganddrop -->
