<?xml version="1.0" encoding="UTF-8"?>
<!-- Generated by org.testng.reporters.JUnitReportReporter -->
<testsuite hostname="LAPTOP-L82634T5" failures="0" tests="1" name="testpkg.Createapagetest" time="5.798" errors="0" timestamp="2024-09-28T18:44:45 IST" skipped="0">
  <testcase classname="testpkg.Createapagetest" name="test1" time="5.798"/>
  <system-out/>
</testsuite> <!-- testpkg.Createapagetest -->
