<?xml version="1.0" encoding="UTF-8"?>
<!-- Generated by org.testng.reporters.JUnitReportReporter -->
<testsuite hostname="LAPTOP-L82634T5" failures="0" tests="1" name="testng.Buttonverification" time="0.038" errors="0" timestamp="2024-09-19T20:27:52 IST" skipped="0">
  <testcase classname="testng.Buttonverification" name="copypaste" time="0.038"/>
  <system-out/>
</testsuite> <!-- testng.Buttonverification -->
