<?xml version="1.0" encoding="UTF-8"?>
<!-- Generated by org.testng.reporters.JUnitReportReporter -->
<testsuite hostname="LAPTOP-L82634T5" failures="0" tests="1" name="testng.Ebay" time="1.557" errors="0" timestamp="2024-09-10T13:09:16 IST" skipped="0">
  <testcase classname="testng.Ebay" name="test" time="1.557"/>
  <system-out/>
</testsuite> <!-- testng.Ebay -->
