<?xml version="1.0" encoding="UTF-8"?>
<!-- Generated by org.testng.reporters.JUnitReportReporter -->
<testsuite hostname="LAPTOP-L82634T5" failures="0" tests="1" name="testng.Amazonprgrm" time="3.658" errors="0" timestamp="2024-09-23T17:15:04 IST" skipped="0">
  <testcase classname="testng.Amazonprgrm" name="test" time="3.658"/>
  <system-out/>
</testsuite> <!-- testng.Amazonprgrm -->
