<?xml version="1.0" encoding="UTF-8"?>
<!-- Generated by org.testng.reporters.JUnitReportReporter -->
<testsuite hostname="LAPTOP-L82634T5" failures="0" tests="3" name="testng.Crossbrowsertestingprgrm" time="8.858" errors="0" timestamp="2024-09-09T16:44:03 IST" skipped="0">
  <testcase classname="testng.Crossbrowsertestingprgrm" name="test" time="2.661"/>
  <system-out/>
  <testcase classname="testng.Crossbrowsertestingprgrm" name="test" time="3.743"/>
  <system-out/>
  <testcase classname="testng.Crossbrowsertestingprgrm" name="test" time="2.454"/>
  <system-out/>
</testsuite> <!-- testng.Crossbrowsertestingprgrm -->
