<?xml version="1.0" encoding="UTF-8"?>
<!-- Generated by org.testng.reporters.JUnitReportReporter -->
<testsuite hostname="LAPTOP-L82634T5" failures="0" tests="1" name="testng.Datepickerprgrm" time="0.334" errors="0" timestamp="2024-09-19T20:03:42 IST" skipped="0">
  <testcase classname="testng.Datepickerprgrm" name="datepicker" time="0.334"/>
  <system-out/>
</testsuite> <!-- testng.Datepickerprgrm -->
